<?xml version="1.0" encoding="utf-8" standalone="no"?>
<test-results xmlns:xsi="http://www.w3.org/2001/XMLSchema-instance" xsi:noNamespaceSchemaLocation="nunit_schema_2.5.xsd" name="Pester" total="32" errors="0" failures="0" not-run="0" inconclusive="0" ignored="0" skipped="0" invalid="0" date="2019-12-22" time="20:14:42">
  <environment user="Lenovo" user-domain="IT-MN-M" os-version="10.0.18362" clr-version="Unknown" cwd="C:\Users\Lenovo\Documents\Projekty\12_PowerShell\15_Repositories\PSGitHubGist" platform="Microsoft Windows 10 Pro|C:\WINDOWS|\Device\Harddisk0\Partition4" machine-name="IT-MN-M" nunit-version="2.5.8.0" />
  <culture-info current-culture="pl-PL" current-uiculture="pl-PL" />
  <test-suite type="TestFixture" name="Pester" executed="True" result="Success" success="True" time="2.2393" asserts="0" description="Pester">
    <results>
      <test-suite type="TestFixture" name=".\PSGitHubGist.Tests.ps1" executed="True" result="Success" success="True" time="2.2393" asserts="0" description=".\PSGitHubGist.Tests.ps1">
        <results>
          <test-suite type="TestFixture" name="Module Manifest Tests" executed="True" result="Success" success="True" time="0.4769" asserts="0" description="Module Manifest Tests">
            <results>
              <test-case description="Passes Test-ModuleManifest" name="Module Manifest Tests.Passes Test-ModuleManifest" time="0.3309" asserts="0" success="True" result="Success" executed="True" />
            </results>
          </test-suite>
          <test-suite type="TestFixture" name="PSGitHubGist Module Tests" executed="True" result="Success" success="True" time="1.737" asserts="0" description="PSGitHubGist Module Tests">
            <results>
              <test-suite type="TestFixture" name="Module Setup" executed="True" result="Success" success="True" time="0.2775" asserts="0" description="Module Setup">
                <results>
                  <test-case description="has the root module PSGitHubGist.psm1" name="PSGitHubGist Module Tests.Module Setup.has the root module PSGitHubGist.psm1" time="0.0064" asserts="0" success="True" result="Success" executed="True" />
                  <test-case description="has the a manifest file of PSGitHubGist.psm1" name="PSGitHubGist Module Tests.Module Setup.has the a manifest file of PSGitHubGist.psm1" time="0.0172" asserts="0" success="True" result="Success" executed="True" />
                  <test-case description="$module folder has functions" name="PSGitHubGist Module Tests.Module Setup.$module folder has functions" time="0.012" asserts="0" success="True" result="Success" executed="True" />
                  <test-case description="PSGitHubGist is valid PowerShell code" name="PSGitHubGist Module Tests.Module Setup.PSGitHubGist is valid PowerShell code" time="0.0054" asserts="0" success="True" result="Success" executed="True" />
                </results>
              </test-suite>
              <test-suite type="TestFixture" name="Test Function Get-GitHubGist" executed="True" result="Success" success="True" time="0.2987" asserts="0" description="Test Function Get-GitHubGist">
                <results>
                  <test-case description="Get-GitHubGist.ps1 should exist" name="PSGitHubGist Module Tests.Test Function Get-GitHubGist.Get-GitHubGist.ps1 should exist" time="0.0023" asserts="0" success="True" result="Success" executed="True" />
                  <test-case description="Get-GitHubGist.ps1 should have help block" name="PSGitHubGist Module Tests.Test Function Get-GitHubGist.Get-GitHubGist.ps1 should have help block" time="0.0063" asserts="0" success="True" result="Success" executed="True" />
                  <test-case description="Get-GitHubGist.ps1 should have a SYNOPSIS section in the help block" name="PSGitHubGist Module Tests.Test Function Get-GitHubGist.Get-GitHubGist.ps1 should have a SYNOPSIS section in the help block" time="0.0122" asserts="0" success="True" result="Success" executed="True" />
                  <test-case description="Get-GitHubGist.ps1 should have a DESCRIPTION section in the help block" name="PSGitHubGist Module Tests.Test Function Get-GitHubGist.Get-GitHubGist.ps1 should have a DESCRIPTION section in the help block" time="0.0054" asserts="0" success="True" result="Success" executed="True" />
                  <test-case description="Get-GitHubGist.ps1 should have a EXAMPLE section in the help block" name="PSGitHubGist Module Tests.Test Function Get-GitHubGist.Get-GitHubGist.ps1 should have a EXAMPLE section in the help block" time="0.0133" asserts="0" success="True" result="Success" executed="True" />
                  <test-case description="Get-GitHubGist.ps1 should be an advanced function" name="PSGitHubGist Module Tests.Test Function Get-GitHubGist.Get-GitHubGist.ps1 should be an advanced function" time="0.0176" asserts="0" success="True" result="Success" executed="True" />
                  <test-case description="Get-GitHubGist.ps1 should contain Write-Verbose blocks" name="PSGitHubGist Module Tests.Test Function Get-GitHubGist.Get-GitHubGist.ps1 should contain Write-Verbose blocks" time="0.0061" asserts="0" success="True" result="Success" executed="True" />
                  <test-case description="Get-GitHubGist.ps1 is valid PowerShell code" name="PSGitHubGist Module Tests.Test Function Get-GitHubGist.Get-GitHubGist.ps1 is valid PowerShell code" time="0.011" asserts="0" success="True" result="Success" executed="True" />
                </results>
              </test-suite>
              <test-suite type="TestFixture" name="Get-GitHubGist has tests" executed="True" result="Success" success="True" time="0.1265" asserts="0" description="Get-GitHubGist has tests">
                <results>
                  <test-case description="function-Get-GitHubGist.Tests.ps1 should exist" name="PSGitHubGist Module Tests.Get-GitHubGist has tests.function-Get-GitHubGist.Tests.ps1 should exist" time="0.0072" asserts="0" success="True" result="Success" executed="True" />
                </results>
              </test-suite>
              <test-suite type="TestFixture" name="Test Function New-GitHubGist" executed="True" result="Success" success="True" time="0.3467" asserts="0" description="Test Function New-GitHubGist">
                <results>
                  <test-case description="New-GitHubGist.ps1 should exist" name="PSGitHubGist Module Tests.Test Function New-GitHubGist.New-GitHubGist.ps1 should exist" time="0.0023" asserts="0" success="True" result="Success" executed="True" />
                  <test-case description="New-GitHubGist.ps1 should have help block" name="PSGitHubGist Module Tests.Test Function New-GitHubGist.New-GitHubGist.ps1 should have help block" time="0.0171" asserts="0" success="True" result="Success" executed="True" />
                  <test-case description="New-GitHubGist.ps1 should have a SYNOPSIS section in the help block" name="PSGitHubGist Module Tests.Test Function New-GitHubGist.New-GitHubGist.ps1 should have a SYNOPSIS section in the help block" time="0.0097" asserts="0" success="True" result="Success" executed="True" />
                  <test-case description="New-GitHubGist.ps1 should have a DESCRIPTION section in the help block" name="PSGitHubGist Module Tests.Test Function New-GitHubGist.New-GitHubGist.ps1 should have a DESCRIPTION section in the help block" time="0.0085" asserts="0" success="True" result="Success" executed="True" />
                  <test-case description="New-GitHubGist.ps1 should have a EXAMPLE section in the help block" name="PSGitHubGist Module Tests.Test Function New-GitHubGist.New-GitHubGist.ps1 should have a EXAMPLE section in the help block" time="0.0124" asserts="0" success="True" result="Success" executed="True" />
                  <test-case description="New-GitHubGist.ps1 should be an advanced function" name="PSGitHubGist Module Tests.Test Function New-GitHubGist.New-GitHubGist.ps1 should be an advanced function" time="0.0322" asserts="0" success="True" result="Success" executed="True" />
                  <test-case description="New-GitHubGist.ps1 should contain Write-Verbose blocks" name="PSGitHubGist Module Tests.Test Function New-GitHubGist.New-GitHubGist.ps1 should contain Write-Verbose blocks" time="0.007" asserts="0" success="True" result="Success" executed="True" />
                  <test-case description="New-GitHubGist.ps1 is valid PowerShell code" name="PSGitHubGist Module Tests.Test Function New-GitHubGist.New-GitHubGist.ps1 is valid PowerShell code" time="0.012" asserts="0" success="True" result="Success" executed="True" />
                </results>
              </test-suite>
              <test-suite type="TestFixture" name="New-GitHubGist has tests" executed="True" result="Success" success="True" time="0.0955" asserts="0" description="New-GitHubGist has tests">
                <results>
                  <test-case description="function-New-GitHubGist.Tests.ps1 should exist" name="PSGitHubGist Module Tests.New-GitHubGist has tests.function-New-GitHubGist.Tests.ps1 should exist" time="0.0051" asserts="0" success="True" result="Success" executed="True" />
                </results>
              </test-suite>
              <test-suite type="TestFixture" name="Test Function Remove-GitHubGist" executed="True" result="Success" success="True" time="0.3148" asserts="0" description="Test Function Remove-GitHubGist">
                <results>
                  <test-case description="Remove-GitHubGist.ps1 should exist" name="PSGitHubGist Module Tests.Test Function Remove-GitHubGist.Remove-GitHubGist.ps1 should exist" time="0.0074" asserts="0" success="True" result="Success" executed="True" />
                  <test-case description="Remove-GitHubGist.ps1 should have help block" name="PSGitHubGist Module Tests.Test Function Remove-GitHubGist.Remove-GitHubGist.ps1 should have help block" time="0.017" asserts="0" success="True" result="Success" executed="True" />
                  <test-case description="Remove-GitHubGist.ps1 should have a SYNOPSIS section in the help block" name="PSGitHubGist Module Tests.Test Function Remove-GitHubGist.Remove-GitHubGist.ps1 should have a SYNOPSIS section in the help block" time="0.0052" asserts="0" success="True" result="Success" executed="True" />
                  <test-case description="Remove-GitHubGist.ps1 should have a DESCRIPTION section in the help block" name="PSGitHubGist Module Tests.Test Function Remove-GitHubGist.Remove-GitHubGist.ps1 should have a DESCRIPTION section in the help block" time="0.0037" asserts="0" success="True" result="Success" executed="True" />
                  <test-case description="Remove-GitHubGist.ps1 should have a EXAMPLE section in the help block" name="PSGitHubGist Module Tests.Test Function Remove-GitHubGist.Remove-GitHubGist.ps1 should have a EXAMPLE section in the help block" time="0.0128" asserts="0" success="True" result="Success" executed="True" />
                  <test-case description="Remove-GitHubGist.ps1 should be an advanced function" name="PSGitHubGist Module Tests.Test Function Remove-GitHubGist.Remove-GitHubGist.ps1 should be an advanced function" time="0.0157" asserts="0" success="True" result="Success" executed="True" />
                  <test-case description="Remove-GitHubGist.ps1 should contain Write-Verbose blocks" name="PSGitHubGist Module Tests.Test Function Remove-GitHubGist.Remove-GitHubGist.ps1 should contain Write-Verbose blocks" time="0.0076" asserts="0" success="True" result="Success" executed="True" />
                  <test-case description="Remove-GitHubGist.ps1 is valid PowerShell code" name="PSGitHubGist Module Tests.Test Function Remove-GitHubGist.Remove-GitHubGist.ps1 is valid PowerShell code" time="0.0037" asserts="0" success="True" result="Success" executed="True" />
                </results>
              </test-suite>
              <test-suite type="TestFixture" name="Remove-GitHubGist has tests" executed="True" result="Success" success="True" time="0.1272" asserts="0" description="Remove-GitHubGist has tests">
                <results>
                  <test-case description="function-Remove-GitHubGist.Tests.ps1 should exist" name="PSGitHubGist Module Tests.Remove-GitHubGist has tests.function-Remove-GitHubGist.Tests.ps1 should exist" time="0.0045" asserts="0" success="True" result="Success" executed="True" />
                </results>
              </test-suite>
            </results>
          </test-suite>
        </results>
      </test-suite>
    </results>
  </test-suite>
</test-results>